<?xml version="1.0" encoding="UTF-8" ?>
<testsuite tests="8" failures="0" name="Receiver.ReceiverTest" time="0.039" errors="0" skipped="0">
  <properties>
[...]
</properties>
  <testcase classname="Receiver.ReceiverTest" name="ReadInputFromConsoleThenCheckIfInputIsNotNull" time="0.008"/>
  <testcase classname="Receiver.ReceiverTest" name="testMain" time="0.03"/>
  <testcase classname="Receiver.ReceiverTest" name="parseLineFromCSVTestForNull" time="0.001"/>
  <testcase classname="Receiver.ReceiverTest" name="ReadInputFromConsoleThenCheckIfInputIsNull" time="0"/>
  <testcase classname="Receiver.ReceiverTest" name="parseLineFromCSVTestTest2" time="0"/>
  <testcase classname="Receiver.ReceiverTest" name="countOccurancesOfWordTest" time="0"/>
  <testcase classname="Receiver.ReceiverTest" name="parseLineFromCSVTestTest" time="0"/>
  <testcase classname="Receiver.ReceiverTest" name="tokenizerTest" time="0"/>
</testsuite>